2024-12-16 20:25:20,968 - root - INFO - Executing main body
2024-12-16 20:25:20,968 - root - INFO - Current working directory: D:\Study\prog-instruments-labs
2024-12-16 20:25:20,969 - root - INFO - Settings data loaded
lab_4/gen_results.json
2024-12-16 20:25:20,969 - root - INFO - Generation results data loaded
01110000001111111111111110100011110001110111000101110100110001001110010100101100001101111000110101000000010101011111011111001001
01110000001111111111111110100011110001110111000101110100110001001110010100101100001101111000110101000000010101011111011111001001 
2024-12-16 20:25:20,970 - root - INFO - Executing bit frequency test on 01110000001111111111111110100011110001110111000101110100110001001110010100101100001101111000110101000000010101011111011111001001
2024-12-16 20:25:20,971 - root - DEBUG - Bit frequency test completed
2024-12-16 20:25:20,971 - root - DEBUG - Executing consecutive bits test on 01110000001111111111111110100011110001110111000101110100110001001110010100101100001101111000110101000000010101011111011111001001
2024-12-16 20:25:20,971 - root - DEBUG - Consecutive bits test completed
2024-12-16 20:25:20,972 - root - DEBUG - Executing longest run of ones test on 01110000001111111111111110100011110001110111000101110100110001001110010100101100001101111000110101000000010101011111011111001001 with block size 8
2024-12-16 20:25:20,972 - root - DEBUG - Longest run of ones test completed
2024-12-16 20:25:20,972 - root - INFO - Executing bit frequency test on 11011000010110110100110111111000111001101100000101111111110101101101100111111110011010111001111011011100100100011000100101001101
2024-12-16 20:25:20,972 - root - DEBUG - Bit frequency test completed
2024-12-16 20:25:20,973 - root - DEBUG - Executing consecutive bits test on 11011000010110110100110111111000111001101100000101111111110101101101100111111110011010111001111011011100100100011000100101001101
2024-12-16 20:25:20,973 - root - DEBUG - Consecutive bits test completed
2024-12-16 20:25:20,973 - root - DEBUG - Executing longest run of ones test on 11011000010110110100110111111000111001101100000101111111110101101101100111111110011010111001111011011100100100011000100101001101 with block size 8
2024-12-16 20:25:20,973 - root - DEBUG - Longest run of ones test completed
2024-12-16 20:25:20,974 - root - INFO - Generator: cpp

2024-12-16 20:25:20,974 - root - INFO - Executing bit frequency test on 01110000001111111111111110100011110001110111000101110100110001001110010100101100001101111000110101000000010101011111011111001001
2024-12-16 20:25:20,974 - root - DEBUG - Bit frequency test completed
2024-12-16 20:25:20,974 - root - INFO - Bit Frequency Test P-value: 0.2888443663464849

2024-12-16 20:25:20,974 - root - DEBUG - Executing consecutive bits test on 01110000001111111111111110100011110001110111000101110100110001001110010100101100001101111000110101000000010101011111011111001001
2024-12-16 20:25:20,975 - root - DEBUG - Consecutive bits test completed
2024-12-16 20:25:20,975 - root - INFO - Consecutive Bit Test P-value: 0.13238091404604369

2024-12-16 20:25:20,975 - root - DEBUG - Executing longest run of ones test on 01110000001111111111111110100011110001110111000101110100110001001110010100101100001101111000110101000000010101011111011111001001 with block size 8
2024-12-16 20:25:20,975 - root - DEBUG - Longest run of ones test completed
2024-12-16 20:25:20,976 - root - INFO - Longest Run of Ones Test P-value: 0.5358121524014012

2024-12-16 20:25:20,976 - root - INFO - Generator: java

2024-12-16 20:25:20,976 - root - INFO - Executing bit frequency test on 11011000010110110100110111111000111001101100000101111111110101101101100111111110011010111001111011011100100100011000100101001101
2024-12-16 20:25:20,976 - root - DEBUG - Bit frequency test completed
2024-12-16 20:25:20,976 - root - INFO - Bit Frequency Test P-value: 0.05182992721790971

2024-12-16 20:25:20,977 - root - DEBUG - Executing consecutive bits test on 11011000010110110100110111111000111001101100000101111111110101101101100111111110011010111001111011011100100100011000100101001101
2024-12-16 20:25:20,977 - root - DEBUG - Consecutive bits test completed
2024-12-16 20:25:20,977 - root - INFO - Consecutive Bit Test P-value: 0.9841043891445014

2024-12-16 20:25:20,977 - root - DEBUG - Executing longest run of ones test on 11011000010110110100110111111000111001101100000101111111110101101101100111111110011010111001111011011100100100011000100101001101 with block size 8
2024-12-16 20:25:20,978 - root - DEBUG - Longest run of ones test completed
2024-12-16 20:25:20,978 - root - INFO - Longest Run of Ones Test P-value: 0.4798166969631381

2024-12-16 20:25:20,978 - root - INFO - Program finished
